{"src/main.js":{"path":"src/main.js","s":{"1":1,"2":1,"3":1,"4":15,"5":1,"6":14,"7":14,"8":14,"9":14,"10":14,"11":1,"12":14,"13":14,"14":1,"15":14,"16":3,"17":3,"18":1,"19":14,"20":1,"21":9,"22":9,"23":5,"24":8,"25":1,"26":7,"27":7,"28":1,"29":4,"30":1,"31":2,"32":4,"33":1,"34":1,"35":2,"36":1,"37":15,"38":15,"39":1,"40":1,"41":1,"42":1,"43":1,"44":1,"45":2,"46":1,"47":3,"48":1},"b":{"1":[1,14],"2":[5,4],"3":[9,5],"4":[1,7]},"f":{"1":15,"2":14,"3":1,"4":3,"5":14,"6":9,"7":4,"8":2,"9":4,"10":1,"11":2,"12":15,"13":1,"14":1,"15":2,"16":3},"fnMap":{"1":{"name":"$Inject","line":7,"loc":{"start":{"line":7,"column":0},"end":{"line":7,"column":19}}},"2":{"name":"(anonymous_2)","line":29,"loc":{"start":{"line":29,"column":40},"end":{"line":29,"column":52}}},"3":{"name":"(anonymous_3)","line":36,"loc":{"start":{"line":36,"column":9},"end":{"line":36,"column":21}}},"4":{"name":"(anonymous_4)","line":41,"loc":{"start":{"line":41,"column":9},"end":{"line":41,"column":40}}},"5":{"name":"(anonymous_5)","line":47,"loc":{"start":{"line":47,"column":47},"end":{"line":47,"column":59}}},"6":{"name":"(anonymous_6)","line":51,"loc":{"start":{"line":51,"column":29},"end":{"line":51,"column":55}}},"7":{"name":"(anonymous_7)","line":66,"loc":{"start":{"line":66,"column":28},"end":{"line":66,"column":55}}},"8":{"name":"(anonymous_8)","line":72,"loc":{"start":{"line":72,"column":28},"end":{"line":72,"column":55}}},"9":{"name":"(anonymous_9)","line":73,"loc":{"start":{"line":73,"column":27},"end":{"line":73,"column":57}}},"10":{"name":"(anonymous_10)","line":78,"loc":{"start":{"line":78,"column":26},"end":{"line":78,"column":49}}},"11":{"name":"(anonymous_11)","line":79,"loc":{"start":{"line":79,"column":27},"end":{"line":79,"column":39}}},"12":{"name":"(anonymous_12)","line":84,"loc":{"start":{"line":84,"column":29},"end":{"line":84,"column":52}}},"13":{"name":"(anonymous_13)","line":90,"loc":{"start":{"line":90,"column":27},"end":{"line":90,"column":43}}},"14":{"name":"(anonymous_14)","line":96,"loc":{"start":{"line":96,"column":25},"end":{"line":96,"column":37}}},"15":{"name":"(anonymous_15)","line":101,"loc":{"start":{"line":101,"column":24},"end":{"line":101,"column":40}}},"16":{"name":"(anonymous_16)","line":105,"loc":{"start":{"line":105,"column":27},"end":{"line":105,"column":49}}}},"statementMap":{"1":{"start":{"line":3,"column":0},"end":{"line":3,"column":46}},"2":{"start":{"line":4,"column":0},"end":{"line":4,"column":60}},"3":{"start":{"line":7,"column":0},"end":{"line":27,"column":1}},"4":{"start":{"line":8,"column":1},"end":{"line":10,"column":2}},"5":{"start":{"line":9,"column":2},"end":{"line":9,"column":23}},"6":{"start":{"line":12,"column":1},"end":{"line":12,"column":17}},"7":{"start":{"line":13,"column":1},"end":{"line":16,"column":3}},"8":{"start":{"line":18,"column":1},"end":{"line":21,"column":3}},"9":{"start":{"line":25,"column":1},"end":{"line":25,"column":28}},"10":{"start":{"line":26,"column":1},"end":{"line":26,"column":35}},"11":{"start":{"line":29,"column":0},"end":{"line":45,"column":2}},"12":{"start":{"line":30,"column":1},"end":{"line":33,"column":52}},"13":{"start":{"line":35,"column":1},"end":{"line":38,"column":5}},"14":{"start":{"line":37,"column":3},"end":{"line":37,"column":65}},"15":{"start":{"line":40,"column":1},"end":{"line":44,"column":5}},"16":{"start":{"line":42,"column":3},"end":{"line":42,"column":62}},"17":{"start":{"line":43,"column":3},"end":{"line":43,"column":63}},"18":{"start":{"line":47,"column":0},"end":{"line":49,"column":2}},"19":{"start":{"line":48,"column":1},"end":{"line":48,"column":30}},"20":{"start":{"line":51,"column":0},"end":{"line":64,"column":2}},"21":{"start":{"line":52,"column":1},"end":{"line":52,"column":46}},"22":{"start":{"line":54,"column":1},"end":{"line":56,"column":2}},"23":{"start":{"line":55,"column":2},"end":{"line":55,"column":59}},"24":{"start":{"line":57,"column":1},"end":{"line":59,"column":2}},"25":{"start":{"line":58,"column":2},"end":{"line":58,"column":104}},"26":{"start":{"line":61,"column":1},"end":{"line":61,"column":62}},"27":{"start":{"line":63,"column":1},"end":{"line":63,"column":17}},"28":{"start":{"line":66,"column":0},"end":{"line":70,"column":2}},"29":{"start":{"line":67,"column":1},"end":{"line":69,"column":4}},"30":{"start":{"line":72,"column":0},"end":{"line":76,"column":2}},"31":{"start":{"line":73,"column":1},"end":{"line":75,"column":4}},"32":{"start":{"line":74,"column":2},"end":{"line":74,"column":51}},"33":{"start":{"line":78,"column":0},"end":{"line":82,"column":2}},"34":{"start":{"line":79,"column":1},"end":{"line":81,"column":4}},"35":{"start":{"line":80,"column":2},"end":{"line":80,"column":15}},"36":{"start":{"line":84,"column":0},"end":{"line":87,"column":2}},"37":{"start":{"line":85,"column":1},"end":{"line":85,"column":40}},"38":{"start":{"line":86,"column":1},"end":{"line":86,"column":40}},"39":{"start":{"line":90,"column":0},"end":{"line":94,"column":2}},"40":{"start":{"line":92,"column":1},"end":{"line":92,"column":44}},"41":{"start":{"line":93,"column":1},"end":{"line":93,"column":74}},"42":{"start":{"line":96,"column":0},"end":{"line":98,"column":2}},"43":{"start":{"line":97,"column":1},"end":{"line":97,"column":46}},"44":{"start":{"line":101,"column":0},"end":{"line":103,"column":2}},"45":{"start":{"line":102,"column":1},"end":{"line":102,"column":53}},"46":{"start":{"line":105,"column":0},"end":{"line":107,"column":2}},"47":{"start":{"line":106,"column":1},"end":{"line":106,"column":73}},"48":{"start":{"line":109,"column":0},"end":{"line":109,"column":25}}},"branchMap":{"1":{"line":8,"type":"if","locations":[{"start":{"line":8,"column":1},"end":{"line":8,"column":1}},{"start":{"line":8,"column":1},"end":{"line":8,"column":1}}]},"2":{"line":54,"type":"if","locations":[{"start":{"line":54,"column":1},"end":{"line":54,"column":1}},{"start":{"line":54,"column":1},"end":{"line":54,"column":1}}]},"3":{"line":54,"type":"binary-expr","locations":[{"start":{"line":54,"column":5},"end":{"line":54,"column":35}},{"start":{"line":54,"column":39},"end":{"line":54,"column":62}}]},"4":{"line":57,"type":"if","locations":[{"start":{"line":57,"column":1},"end":{"line":57,"column":1}},{"start":{"line":57,"column":1},"end":{"line":57,"column":1}}]}}}}