{"src/main.js":{"path":"src/main.js","s":{"1":1,"2":1,"3":1,"4":17,"5":1,"6":16,"7":16,"8":16,"9":16,"10":16,"11":1,"12":16,"13":16,"14":1,"15":16,"16":4,"17":4,"18":1,"19":3,"20":1,"21":16,"22":1,"23":10,"24":10,"25":6,"26":9,"27":2,"28":7,"29":7,"30":1,"31":4,"32":1,"33":2,"34":4,"35":1,"36":1,"37":2,"38":1,"39":17,"40":17,"41":1,"42":1,"43":1,"44":1,"45":1,"46":1,"47":2,"48":1,"49":4,"50":1},"b":{"1":[1,16],"2":[1,3],"3":[4,3],"4":[6,4],"5":[10,5],"6":[2,7]},"f":{"1":17,"2":16,"3":1,"4":4,"5":16,"6":10,"7":4,"8":2,"9":4,"10":1,"11":2,"12":17,"13":1,"14":1,"15":2,"16":4},"fnMap":{"1":{"name":"$Inject","line":7,"loc":{"start":{"line":7,"column":0},"end":{"line":7,"column":19}}},"2":{"name":"(anonymous_2)","line":29,"loc":{"start":{"line":29,"column":40},"end":{"line":29,"column":52}}},"3":{"name":"(anonymous_3)","line":36,"loc":{"start":{"line":36,"column":9},"end":{"line":36,"column":21}}},"4":{"name":"(anonymous_4)","line":41,"loc":{"start":{"line":41,"column":9},"end":{"line":41,"column":40}}},"5":{"name":"(anonymous_5)","line":52,"loc":{"start":{"line":52,"column":47},"end":{"line":52,"column":59}}},"6":{"name":"(anonymous_6)","line":56,"loc":{"start":{"line":56,"column":29},"end":{"line":56,"column":55}}},"7":{"name":"(anonymous_7)","line":71,"loc":{"start":{"line":71,"column":28},"end":{"line":71,"column":55}}},"8":{"name":"(anonymous_8)","line":77,"loc":{"start":{"line":77,"column":28},"end":{"line":77,"column":55}}},"9":{"name":"(anonymous_9)","line":78,"loc":{"start":{"line":78,"column":27},"end":{"line":78,"column":57}}},"10":{"name":"(anonymous_10)","line":83,"loc":{"start":{"line":83,"column":26},"end":{"line":83,"column":49}}},"11":{"name":"(anonymous_11)","line":84,"loc":{"start":{"line":84,"column":27},"end":{"line":84,"column":39}}},"12":{"name":"(anonymous_12)","line":89,"loc":{"start":{"line":89,"column":29},"end":{"line":89,"column":52}}},"13":{"name":"(anonymous_13)","line":95,"loc":{"start":{"line":95,"column":27},"end":{"line":95,"column":43}}},"14":{"name":"(anonymous_14)","line":101,"loc":{"start":{"line":101,"column":25},"end":{"line":101,"column":37}}},"15":{"name":"(anonymous_15)","line":106,"loc":{"start":{"line":106,"column":24},"end":{"line":106,"column":40}}},"16":{"name":"(anonymous_16)","line":110,"loc":{"start":{"line":110,"column":27},"end":{"line":110,"column":49}}}},"statementMap":{"1":{"start":{"line":3,"column":0},"end":{"line":3,"column":46}},"2":{"start":{"line":4,"column":0},"end":{"line":4,"column":60}},"3":{"start":{"line":7,"column":0},"end":{"line":27,"column":1}},"4":{"start":{"line":8,"column":1},"end":{"line":10,"column":2}},"5":{"start":{"line":9,"column":2},"end":{"line":9,"column":23}},"6":{"start":{"line":12,"column":1},"end":{"line":12,"column":17}},"7":{"start":{"line":13,"column":1},"end":{"line":16,"column":3}},"8":{"start":{"line":18,"column":1},"end":{"line":21,"column":3}},"9":{"start":{"line":25,"column":1},"end":{"line":25,"column":28}},"10":{"start":{"line":26,"column":1},"end":{"line":26,"column":35}},"11":{"start":{"line":29,"column":0},"end":{"line":50,"column":2}},"12":{"start":{"line":30,"column":1},"end":{"line":33,"column":52}},"13":{"start":{"line":35,"column":1},"end":{"line":38,"column":5}},"14":{"start":{"line":37,"column":3},"end":{"line":37,"column":65}},"15":{"start":{"line":40,"column":1},"end":{"line":49,"column":5}},"16":{"start":{"line":42,"column":3},"end":{"line":42,"column":62}},"17":{"start":{"line":44,"column":3},"end":{"line":46,"column":4}},"18":{"start":{"line":45,"column":4},"end":{"line":45,"column":111}},"19":{"start":{"line":48,"column":3},"end":{"line":48,"column":63}},"20":{"start":{"line":52,"column":0},"end":{"line":54,"column":2}},"21":{"start":{"line":53,"column":1},"end":{"line":53,"column":30}},"22":{"start":{"line":56,"column":0},"end":{"line":69,"column":2}},"23":{"start":{"line":57,"column":1},"end":{"line":57,"column":46}},"24":{"start":{"line":59,"column":1},"end":{"line":61,"column":2}},"25":{"start":{"line":60,"column":2},"end":{"line":60,"column":59}},"26":{"start":{"line":62,"column":1},"end":{"line":64,"column":2}},"27":{"start":{"line":63,"column":2},"end":{"line":63,"column":104}},"28":{"start":{"line":66,"column":1},"end":{"line":66,"column":62}},"29":{"start":{"line":68,"column":1},"end":{"line":68,"column":17}},"30":{"start":{"line":71,"column":0},"end":{"line":75,"column":2}},"31":{"start":{"line":72,"column":1},"end":{"line":74,"column":4}},"32":{"start":{"line":77,"column":0},"end":{"line":81,"column":2}},"33":{"start":{"line":78,"column":1},"end":{"line":80,"column":4}},"34":{"start":{"line":79,"column":2},"end":{"line":79,"column":51}},"35":{"start":{"line":83,"column":0},"end":{"line":87,"column":2}},"36":{"start":{"line":84,"column":1},"end":{"line":86,"column":4}},"37":{"start":{"line":85,"column":2},"end":{"line":85,"column":15}},"38":{"start":{"line":89,"column":0},"end":{"line":92,"column":2}},"39":{"start":{"line":90,"column":1},"end":{"line":90,"column":40}},"40":{"start":{"line":91,"column":1},"end":{"line":91,"column":40}},"41":{"start":{"line":95,"column":0},"end":{"line":99,"column":2}},"42":{"start":{"line":97,"column":1},"end":{"line":97,"column":44}},"43":{"start":{"line":98,"column":1},"end":{"line":98,"column":74}},"44":{"start":{"line":101,"column":0},"end":{"line":103,"column":2}},"45":{"start":{"line":102,"column":1},"end":{"line":102,"column":46}},"46":{"start":{"line":106,"column":0},"end":{"line":108,"column":2}},"47":{"start":{"line":107,"column":1},"end":{"line":107,"column":53}},"48":{"start":{"line":110,"column":0},"end":{"line":112,"column":2}},"49":{"start":{"line":111,"column":1},"end":{"line":111,"column":73}},"50":{"start":{"line":114,"column":0},"end":{"line":114,"column":25}}},"branchMap":{"1":{"line":8,"type":"if","locations":[{"start":{"line":8,"column":1},"end":{"line":8,"column":1}},{"start":{"line":8,"column":1},"end":{"line":8,"column":1}}]},"2":{"line":44,"type":"if","locations":[{"start":{"line":44,"column":3},"end":{"line":44,"column":3}},{"start":{"line":44,"column":3},"end":{"line":44,"column":3}}]},"3":{"line":44,"type":"binary-expr","locations":[{"start":{"line":44,"column":7},"end":{"line":44,"column":16}},{"start":{"line":44,"column":20},"end":{"line":44,"column":34}}]},"4":{"line":59,"type":"if","locations":[{"start":{"line":59,"column":1},"end":{"line":59,"column":1}},{"start":{"line":59,"column":1},"end":{"line":59,"column":1}}]},"5":{"line":59,"type":"binary-expr","locations":[{"start":{"line":59,"column":5},"end":{"line":59,"column":35}},{"start":{"line":59,"column":39},"end":{"line":59,"column":62}}]},"6":{"line":62,"type":"if","locations":[{"start":{"line":62,"column":1},"end":{"line":62,"column":1}},{"start":{"line":62,"column":1},"end":{"line":62,"column":1}}]}}}}