TN:
SF:src/main.js
FN:7,$Inject
FN:29,(anonymous_2)
FN:36,(anonymous_3)
FN:41,(anonymous_4)
FN:52,(anonymous_5)
FN:56,(anonymous_6)
FN:71,(anonymous_7)
FN:77,(anonymous_8)
FN:78,(anonymous_9)
FN:83,(anonymous_10)
FN:84,(anonymous_11)
FN:89,(anonymous_12)
FN:95,(anonymous_13)
FN:101,(anonymous_14)
FN:106,(anonymous_15)
FN:110,(anonymous_16)
FNF:16
FNH:16
FNDA:17,$Inject
FNDA:16,(anonymous_2)
FNDA:1,(anonymous_3)
FNDA:4,(anonymous_4)
FNDA:16,(anonymous_5)
FNDA:10,(anonymous_6)
FNDA:4,(anonymous_7)
FNDA:2,(anonymous_8)
FNDA:4,(anonymous_9)
FNDA:1,(anonymous_10)
FNDA:2,(anonymous_11)
FNDA:17,(anonymous_12)
FNDA:1,(anonymous_13)
FNDA:1,(anonymous_14)
FNDA:2,(anonymous_15)
FNDA:4,(anonymous_16)
DA:3,1
DA:4,1
DA:7,1
DA:8,17
DA:9,1
DA:12,16
DA:13,16
DA:18,16
DA:25,16
DA:26,16
DA:29,1
DA:30,16
DA:35,16
DA:37,1
DA:40,16
DA:42,4
DA:44,4
DA:45,1
DA:48,3
DA:52,1
DA:53,16
DA:56,1
DA:57,10
DA:59,10
DA:60,6
DA:62,9
DA:63,2
DA:66,7
DA:68,7
DA:71,1
DA:72,4
DA:77,1
DA:78,2
DA:79,4
DA:83,1
DA:84,1
DA:85,2
DA:89,1
DA:90,17
DA:91,17
DA:95,1
DA:97,1
DA:98,1
DA:101,1
DA:102,1
DA:106,1
DA:107,2
DA:110,1
DA:111,4
DA:114,1
LF:50
LH:50
BRDA:8,1,0,1
BRDA:8,1,1,16
BRDA:44,2,0,1
BRDA:44,2,1,3
BRDA:44,3,0,4
BRDA:44,3,1,3
BRDA:59,4,0,6
BRDA:59,4,1,4
BRDA:59,5,0,10
BRDA:59,5,1,5
BRDA:62,6,0,2
BRDA:62,6,1,7
BRF:12
BRH:12
end_of_record
