TN:
SF:src/main.js
FN:7,$Inject
FN:29,(anonymous_2)
FN:36,(anonymous_3)
FN:41,(anonymous_4)
FN:47,(anonymous_5)
FN:51,(anonymous_6)
FN:66,(anonymous_7)
FN:72,(anonymous_8)
FN:73,(anonymous_9)
FN:78,(anonymous_10)
FN:79,(anonymous_11)
FN:84,(anonymous_12)
FN:90,(anonymous_13)
FN:96,(anonymous_14)
FN:101,(anonymous_15)
FN:105,(anonymous_16)
FNF:16
FNH:16
FNDA:15,$Inject
FNDA:14,(anonymous_2)
FNDA:1,(anonymous_3)
FNDA:3,(anonymous_4)
FNDA:14,(anonymous_5)
FNDA:9,(anonymous_6)
FNDA:4,(anonymous_7)
FNDA:2,(anonymous_8)
FNDA:4,(anonymous_9)
FNDA:1,(anonymous_10)
FNDA:2,(anonymous_11)
FNDA:15,(anonymous_12)
FNDA:1,(anonymous_13)
FNDA:1,(anonymous_14)
FNDA:2,(anonymous_15)
FNDA:3,(anonymous_16)
DA:3,1
DA:4,1
DA:7,1
DA:8,15
DA:9,1
DA:12,14
DA:13,14
DA:18,14
DA:25,14
DA:26,14
DA:29,1
DA:30,14
DA:35,14
DA:37,1
DA:40,14
DA:42,3
DA:43,3
DA:47,1
DA:48,14
DA:51,1
DA:52,9
DA:54,9
DA:55,5
DA:57,8
DA:58,1
DA:61,7
DA:63,7
DA:66,1
DA:67,4
DA:72,1
DA:73,2
DA:74,4
DA:78,1
DA:79,1
DA:80,2
DA:84,1
DA:85,15
DA:86,15
DA:90,1
DA:92,1
DA:93,1
DA:96,1
DA:97,1
DA:101,1
DA:102,2
DA:105,1
DA:106,3
DA:109,1
LF:48
LH:48
BRDA:8,1,0,1
BRDA:8,1,1,14
BRDA:54,2,0,5
BRDA:54,2,1,4
BRDA:54,3,0,9
BRDA:54,3,1,5
BRDA:57,4,0,1
BRDA:57,4,1,7
BRF:8
BRH:8
end_of_record
